[debug] [2021-07-29T11:24:10.267Z] ----------------------------------------------------------------------
[debug] [2021-07-29T11:24:10.269Z] Command:       /usr/bin/node /usr/local/bin/firebase init
[debug] [2021-07-29T11:24:10.269Z] CLI Version:   9.16.0
[debug] [2021-07-29T11:24:10.269Z] Platform:      linux
[debug] [2021-07-29T11:24:10.269Z] Node Version:  v10.19.0
[debug] [2021-07-29T11:24:10.270Z] Time:          Thu Jul 29 2021 17:09:10 GMT+0545 (Nepal Time)
[debug] [2021-07-29T11:24:10.270Z] ----------------------------------------------------------------------
[debug] 
[debug] [2021-07-29T11:24:10.276Z] > command requires scopes: ["email","openid","https://www.googleapis.com/auth/cloudplatformprojects.readonly","https://www.googleapis.com/auth/firebase","https://www.googleapis.com/auth/cloud-platform"]
[debug] [2021-07-29T11:24:10.277Z] > authorizing via signed-in user (regmi.nikes1@gmail.com)
[info] 
     ######## #### ########  ######## ########     ###     ######  ########
     ##        ##  ##     ## ##       ##     ##  ##   ##  ##       ##
     ######    ##  ########  ######   ########  #########  ######  ######
     ##        ##  ##    ##  ##       ##     ## ##     ##       ## ##
     ##       #### ##     ## ######## ########  ##     ##  ######  ########

You're about to initialize a Firebase project in this directory:

  /home/nikes07/react-practice/todo_app_with_firebase

[info] 
=== Project Setup
[info] 
[info] First, let's associate this project directory with a Firebase project.
[info] You can create multiple project aliases by running firebase use --add, 
[info] but for now we'll just set up a default project.
[info] 
[debug] [2021-07-29T11:24:24.685Z] >>> [apiv2][query] GET https://firebase.googleapis.com/v1beta1/projects pageSize=100
[debug] [2021-07-29T11:24:25.389Z] <<< [apiv2][status] GET https://firebase.googleapis.com/v1beta1/projects 200
[debug] [2021-07-29T11:24:25.389Z] <<< [apiv2][body] GET https://firebase.googleapis.com/v1beta1/projects [omitted]
[info] i  Using project todo-app-27680 (todo-app) 
[info] 
=== Hosting Setup
[info] 
[info] Your public directory is the folder (relative to your project directory) that
[info] will contain Hosting assets to be uploaded with firebase deploy. If you
[info] have a build process for your assets, use your build's output directory.
[info] 
[debug] [2021-07-29T11:25:03.414Z] >>> [apiv2][query] GET https://www.gstatic.com/firebasejs/releases.json [none]
[debug] [2021-07-29T11:25:03.747Z] <<< [apiv2][status] GET https://www.gstatic.com/firebasejs/releases.json 200
[debug] [2021-07-29T11:25:03.748Z] <<< [apiv2][body] GET https://www.gstatic.com/firebasejs/releases.json {"current":{"version":"8.8.0","browserURL":"https://www.gstatic.com/firebasejs/8.8.0/firebase.js","packageURL":"https://www.gstatic.com/firebasejs/8.8.0/firebase.tgz"},"live":{"version":"8.8","browserURL":"https://www.gstatic.com/firebasejs/live/8.8/firebase.js","packageURL":"https://www.gstatic.com/firebasejs/live/8.8/firebase.tgz"},"components":{"analytics":"https://www.gstatic.com/firebasejs/8.8.0/firebase-analytics.js","app":"https://www.gstatic.com/firebasejs/8.8.0/firebase-app.js","app-check":"https://www.gstatic.com/firebasejs/8.8.0/firebase-app-check.js","auth":"https://www.gstatic.com/firebasejs/8.8.0/firebase-auth.js","database":"https://www.gstatic.com/firebasejs/8.8.0/firebase-database.js","firestore":"https://www.gstatic.com/firebasejs/8.8.0/firebase-firestore.js","functions":"https://www.gstatic.com/firebasejs/8.8.0/firebase-functions.js","installations":"https://www.gstatic.com/firebasejs/8.8.0/firebase-installations.js","messaging":"https://www.gstatic.com/firebasejs/8.8.0/firebase-messaging.js","storage":"https://www.gstatic.com/firebasejs/8.8.0/firebase-storage.js","performance":"https://www.gstatic.com/firebasejs/8.8.0/firebase-performance.js","remote-config":"https://www.gstatic.com/firebasejs/8.8.0/firebase-remote-config.js","firestore.memory":"https://www.gstatic.com/firebasejs/8.8.0/firebase-firestore.memory.js"}}
[info] ✔  Wrote build/index.html 
[info] 
[info] i  Detected a .git folder at /home/nikes07/react-practice 
[info] i  Authorizing with GitHub to upload your service account to a GitHub repository's secrets store. 
[info] 
[info] Visit this URL on this device to log in:
[info] https://github.com/login/oauth/authorize?client_id=89cf50f02ac6aaed3484&state=594340339&redirect_uri=http%3A%2F%2Flocalhost%3A9005&scope=read%3Auser%20repo%20public_repo
[info] 
[info] Waiting for authentication...
[debug] [2021-07-29T11:25:40.321Z] >>> HTTP REQUEST POST https://github.com/login/oauth/access_token  
 {"client_id":"89cf50f02ac6aaed3484","client_secret":"3330d14abc895d9a74d5f17cd7a00711fa2c5bf0","code":"bb2516eafc700eef35e1","redirect_uri":"http://localhost:9005","state":"594340339"}
[debug] [2021-07-29T11:25:41.049Z] <<< HTTP RESPONSE 200 {"server":"GitHub.com","date":"Thu, 29 Jul 2021 11:25:40 GMT","content-type":"application/json; charset=utf-8","transfer-encoding":"chunked","vary":"X-PJAX, Accept-Encoding, Accept, X-Requested-With","permissions-policy":"interest-cohort=()","etag":"W/\"9f55d1d251689bdabf00a088bcc64a4c\"","cache-control":"max-age=0, private, must-revalidate","strict-transport-security":"max-age=31536000; includeSubdomains; preload","x-frame-options":"deny","x-content-type-options":"nosniff","x-xss-protection":"0","referrer-policy":"origin-when-cross-origin, strict-origin-when-cross-origin","expect-ct":"max-age=2592000, report-uri=\"https://api.github.com/_private/browser/errors\"","content-security-policy":"default-src 'none'; base-uri 'self'; block-all-mixed-content; connect-src 'self' uploads.github.com www.githubstatus.com collector.githubapp.com api.github.com github-cloud.s3.amazonaws.com github-production-repository-file-5c1aeb.s3.amazonaws.com github-production-upload-manifest-file-7fdce7.s3.amazonaws.com github-production-user-asset-6210df.s3.amazonaws.com cdn.optimizely.com logx.optimizely.com/v1/events translator.github.com wss://alive.github.com; font-src github.githubassets.com; form-action 'self' github.com gist.github.com; frame-ancestors 'none'; frame-src render.githubusercontent.com render-temp.githubusercontent.com viewscreen.githubusercontent.com; img-src 'self' data: github.githubassets.com identicons.github.com collector.githubapp.com github-cloud.s3.amazonaws.com secured-user-images.githubusercontent.com/ *.githubusercontent.com; manifest-src 'self'; media-src 'none'; script-src github.githubassets.com; style-src 'unsafe-inline' github.githubassets.com; worker-src github.com/socket-worker-3f088aa2.js gist.github.com/socket-worker-3f088aa2.js","x-github-request-id":"3BFC:7B87:30D00B:35A95C:61029034"}
[debug] [2021-07-29T11:25:41.075Z] >>> [apiv2][query] GET https://api.github.com/user [none]
[debug] [2021-07-29T11:25:42.338Z] <<< [apiv2][status] GET https://api.github.com/user 200
[debug] [2021-07-29T11:25:42.339Z] <<< [apiv2][body] GET https://api.github.com/user {"login":"regmi07","id":88021254,"node_id":"MDQ6VXNlcjg4MDIxMjU0","avatar_url":"https://avatars.githubusercontent.com/u/88021254?v=4","gravatar_id":"","url":"https://api.github.com/users/regmi07","html_url":"https://github.com/regmi07","followers_url":"https://api.github.com/users/regmi07/followers","following_url":"https://api.github.com/users/regmi07/following{/other_user}","gists_url":"https://api.github.com/users/regmi07/gists{/gist_id}","starred_url":"https://api.github.com/users/regmi07/starred{/owner}{/repo}","subscriptions_url":"https://api.github.com/users/regmi07/subscriptions","organizations_url":"https://api.github.com/users/regmi07/orgs","repos_url":"https://api.github.com/users/regmi07/repos","events_url":"https://api.github.com/users/regmi07/events{/privacy}","received_events_url":"https://api.github.com/users/regmi07/received_events","type":"User","site_admin":false,"name":null,"company":null,"blog":"","location":null,"email":null,"hireable":null,"bio":null,"twitter_username":null,"public_repos":4,"public_gists":0,"followers":0,"following":0,"created_at":"2021-07-27T05:59:57Z","updated_at":"2021-07-29T11:25:39Z","private_gists":0,"total_private_repos":0,"owned_private_repos":0,"disk_usage":987,"collaborators":0,"two_factor_authentication":false,"plan":{"name":"free","space":976562499,"collaborators":0,"private_repos":10000}}
[info] 
[info] ✔  Success! Logged into GitHub as regmi07 
[info] 
[debug] [2021-07-29T11:26:44.556Z] >>> [apiv2][query] GET https://api.github.com/repos/regmi07/todo-react-app/actions/secrets/public-key type=owner
[debug] [2021-07-29T11:26:45.281Z] <<< [apiv2][status] GET https://api.github.com/repos/regmi07/todo-react-app/actions/secrets/public-key 200
[debug] [2021-07-29T11:26:45.281Z] <<< [apiv2][body] GET https://api.github.com/repos/regmi07/todo-react-app/actions/secrets/public-key {"key_id":"568250167242549743","key":"QIM6eWXIm25gjrpauS08yb6RB/wBxOdQwh1q6i38r2k="}
[debug] [2021-07-29T11:26:45.282Z] >>> [apiv2][query] GET https://api.github.com/repos/regmi07/todo-react-app [none]
[debug] [2021-07-29T11:26:45.975Z] <<< [apiv2][status] GET https://api.github.com/repos/regmi07/todo-react-app 200
[debug] [2021-07-29T11:26:45.976Z] <<< [apiv2][body] GET https://api.github.com/repos/regmi07/todo-react-app {"id":390700733,"node_id":"MDEwOlJlcG9zaXRvcnkzOTA3MDA3MzM=","name":"todo-react-app","full_name":"regmi07/todo-react-app","private":false,"owner":{"login":"regmi07","id":88021254,"node_id":"MDQ6VXNlcjg4MDIxMjU0","avatar_url":"https://avatars.githubusercontent.com/u/88021254?v=4","gravatar_id":"","url":"https://api.github.com/users/regmi07","html_url":"https://github.com/regmi07","followers_url":"https://api.github.com/users/regmi07/followers","following_url":"https://api.github.com/users/regmi07/following{/other_user}","gists_url":"https://api.github.com/users/regmi07/gists{/gist_id}","starred_url":"https://api.github.com/users/regmi07/starred{/owner}{/repo}","subscriptions_url":"https://api.github.com/users/regmi07/subscriptions","organizations_url":"https://api.github.com/users/regmi07/orgs","repos_url":"https://api.github.com/users/regmi07/repos","events_url":"https://api.github.com/users/regmi07/events{/privacy}","received_events_url":"https://api.github.com/users/regmi07/received_events","type":"User","site_admin":false},"html_url":"https://github.com/regmi07/todo-react-app","description":null,"fork":false,"url":"https://api.github.com/repos/regmi07/todo-react-app","forks_url":"https://api.github.com/repos/regmi07/todo-react-app/forks","keys_url":"https://api.github.com/repos/regmi07/todo-react-app/keys{/key_id}","collaborators_url":"https://api.github.com/repos/regmi07/todo-react-app/collaborators{/collaborator}","teams_url":"https://api.github.com/repos/regmi07/todo-react-app/teams","hooks_url":"https://api.github.com/repos/regmi07/todo-react-app/hooks","issue_events_url":"https://api.github.com/repos/regmi07/todo-react-app/issues/events{/number}","events_url":"https://api.github.com/repos/regmi07/todo-react-app/events","assignees_url":"https://api.github.com/repos/regmi07/todo-react-app/assignees{/user}","branches_url":"https://api.github.com/repos/regmi07/todo-react-app/branches{/branch}","tags_url":"https://api.github.com/repos/regmi07/todo-react-app/tags","blobs_url":"https://api.github.com/repos/regmi07/todo-react-app/git/blobs{/sha}","git_tags_url":"https://api.github.com/repos/regmi07/todo-react-app/git/tags{/sha}","git_refs_url":"https://api.github.com/repos/regmi07/todo-react-app/git/refs{/sha}","trees_url":"https://api.github.com/repos/regmi07/todo-react-app/git/trees{/sha}","statuses_url":"https://api.github.com/repos/regmi07/todo-react-app/statuses/{sha}","languages_url":"https://api.github.com/repos/regmi07/todo-react-app/languages","stargazers_url":"https://api.github.com/repos/regmi07/todo-react-app/stargazers","contributors_url":"https://api.github.com/repos/regmi07/todo-react-app/contributors","subscribers_url":"https://api.github.com/repos/regmi07/todo-react-app/subscribers","subscription_url":"https://api.github.com/repos/regmi07/todo-react-app/subscription","commits_url":"https://api.github.com/repos/regmi07/todo-react-app/commits{/sha}","git_commits_url":"https://api.github.com/repos/regmi07/todo-react-app/git/commits{/sha}","comments_url":"https://api.github.com/repos/regmi07/todo-react-app/comments{/number}","issue_comment_url":"https://api.github.com/repos/regmi07/todo-react-app/issues/comments{/number}","contents_url":"https://api.github.com/repos/regmi07/todo-react-app/contents/{+path}","compare_url":"https://api.github.com/repos/regmi07/todo-react-app/compare/{base}...{head}","merges_url":"https://api.github.com/repos/regmi07/todo-react-app/merges","archive_url":"https://api.github.com/repos/regmi07/todo-react-app/{archive_format}{/ref}","downloads_url":"https://api.github.com/repos/regmi07/todo-react-app/downloads","issues_url":"https://api.github.com/repos/regmi07/todo-react-app/issues{/number}","pulls_url":"https://api.github.com/repos/regmi07/todo-react-app/pulls{/number}","milestones_url":"https://api.github.com/repos/regmi07/todo-react-app/milestones{/number}","notifications_url":"https://api.github.com/repos/regmi07/todo-react-app/notifications{?since,all,participating}","labels_url":"https://api.github.com/repos/regmi07/todo-react-app/labels{/name}","releases_url":"https://api.github.com/repos/regmi07/todo-react-app/releases{/id}","deployments_url":"https://api.github.com/repos/regmi07/todo-react-app/deployments","created_at":"2021-07-29T11:26:20Z","updated_at":"2021-07-29T11:26:20Z","pushed_at":"2021-07-29T11:26:20Z","git_url":"git://github.com/regmi07/todo-react-app.git","ssh_url":"git@github.com:regmi07/todo-react-app.git","clone_url":"https://github.com/regmi07/todo-react-app.git","svn_url":"https://github.com/regmi07/todo-react-app","homepage":null,"size":0,"stargazers_count":0,"watchers_count":0,"language":null,"has_issues":true,"has_projects":true,"has_downloads":true,"has_wiki":true,"has_pages":false,"forks_count":0,"mirror_url":null,"archived":false,"disabled":false,"open_issues_count":0,"license":null,"forks":0,"open_issues":0,"watchers":0,"default_branch":"main","permissions":{"admin":true,"push":true,"pull":true},"temp_clone_token":"","allow_squash_merge":true,"allow_merge_commit":true,"allow_rebase_merge":true,"delete_branch_on_merge":false,"network_count":0,"subscribers_count":1}
[debug] [2021-07-29T11:26:45.983Z] > refreshing access token with scopes: ["email","https://www.googleapis.com/auth/cloud-platform","https://www.googleapis.com/auth/cloudplatformprojects.readonly","https://www.googleapis.com/auth/firebase","openid"]
[debug] [2021-07-29T11:26:45.984Z] >>> HTTP REQUEST POST https://www.googleapis.com/oauth2/v3/token  
 <request body omitted>
[debug] [2021-07-29T11:26:46.380Z] <<< HTTP RESPONSE 200 {"cache-control":"no-cache, no-store, max-age=0, must-revalidate","expires":"Mon, 01 Jan 1990 00:00:00 GMT","date":"Thu, 29 Jul 2021 11:26:46 GMT","pragma":"no-cache","content-type":"application/json; charset=utf-8","vary":"X-Origin, Referer, Origin,Accept-Encoding","server":"scaffolding on HTTPServer2","x-xss-protection":"0","x-frame-options":"SAMEORIGIN","x-content-type-options":"nosniff","alt-svc":"h3=\":443\"; ma=2592000,h3-29=\":443\"; ma=2592000,h3-T051=\":443\"; ma=2592000,h3-Q050=\":443\"; ma=2592000,h3-Q046=\":443\"; ma=2592000,h3-Q043=\":443\"; ma=2592000,quic=\":443\"; ma=2592000; v=\"46,43\"","accept-ranges":"none","transfer-encoding":"chunked"}
[debug] [2021-07-29T11:26:46.457Z] >>> HTTP REQUEST POST https://iam.googleapis.com/v1/projects/todo-app-27680/serviceAccounts  
 {"accountId":"github-action-390700733","serviceAccount":{"displayName":"GitHub Actions (regmi07/todo-react-app)","description":"A service account with permission to deploy to Firebase Hosting for the GitHub repository regmi07/todo-react-app"}}
[debug] [2021-07-29T11:26:48.527Z] <<< HTTP RESPONSE 200 {"content-type":"application/json; charset=UTF-8","vary":"X-Origin, Referer, Origin,Accept-Encoding","date":"Thu, 29 Jul 2021 11:26:48 GMT","server":"ESF","cache-control":"private","x-xss-protection":"0","x-frame-options":"SAMEORIGIN","x-content-type-options":"nosniff","alt-svc":"h3=\":443\"; ma=2592000,h3-29=\":443\"; ma=2592000,h3-T051=\":443\"; ma=2592000,h3-Q050=\":443\"; ma=2592000,h3-Q046=\":443\"; ma=2592000,h3-Q043=\":443\"; ma=2592000,quic=\":443\"; ma=2592000; v=\"46,43\"","accept-ranges":"none","transfer-encoding":"chunked"}
[debug] [2021-07-29T11:26:48.530Z] >>> HTTP REQUEST GET https://iam.googleapis.com/v1/projects/todo-app-27680/serviceAccounts/github-action-390700733@todo-app-27680.iam.gserviceaccount.com  
 
[debug] [2021-07-29T11:26:48.534Z] >>> HTTP REQUEST POST https://cloudresourcemanager.googleapis.com/v1/projects/todo-app-27680:getIamPolicy  
 
[debug] [2021-07-29T11:26:49.994Z] <<< HTTP RESPONSE 200 {"content-type":"application/json; charset=UTF-8","vary":"X-Origin, Referer, Origin,Accept-Encoding","date":"Thu, 29 Jul 2021 11:26:49 GMT","server":"ESF","cache-control":"private","x-xss-protection":"0","x-frame-options":"SAMEORIGIN","x-content-type-options":"nosniff","alt-svc":"h3=\":443\"; ma=2592000,h3-29=\":443\"; ma=2592000,h3-T051=\":443\"; ma=2592000,h3-Q050=\":443\"; ma=2592000,h3-Q046=\":443\"; ma=2592000,h3-Q043=\":443\"; ma=2592000,quic=\":443\"; ma=2592000; v=\"46,43\"","accept-ranges":"none","transfer-encoding":"chunked"}
[debug] [2021-07-29T11:26:50.211Z] <<< HTTP RESPONSE 200 {"content-type":"application/json; charset=UTF-8","vary":"X-Origin, Referer, Origin,Accept-Encoding","date":"Thu, 29 Jul 2021 11:26:50 GMT","server":"ESF","cache-control":"private","x-xss-protection":"0","x-frame-options":"SAMEORIGIN","x-content-type-options":"nosniff","server-timing":"gfet4t7; dur=1271","alt-svc":"h3=\":443\"; ma=2592000,h3-29=\":443\"; ma=2592000,h3-T051=\":443\"; ma=2592000,h3-Q050=\":443\"; ma=2592000,h3-Q046=\":443\"; ma=2592000,h3-Q043=\":443\"; ma=2592000,quic=\":443\"; ma=2592000; v=\"46,43\"","accept-ranges":"none","transfer-encoding":"chunked"}
[debug] [2021-07-29T11:26:50.214Z] >>> HTTP REQUEST POST https://cloudresourcemanager.googleapis.com/v1/projects/todo-app-27680:setIamPolicy  
 {"policy":{"version":1,"etag":"BwXIQL9lY+k=","bindings":[{"role":"roles/editor","members":["serviceAccount:todo-app-27680@appspot.gserviceaccount.com"]},{"role":"roles/firebase.managementServiceAgent","members":["serviceAccount:firebase-service-account@firebase-sa-management.iam.gserviceaccount.com"]},{"role":"roles/firebase.sdkAdminServiceAgent","members":["serviceAccount:firebase-adminsdk-oi61i@todo-app-27680.iam.gserviceaccount.com"]},{"role":"roles/firebaserules.system","members":["serviceAccount:service-481086292999@firebase-rules.iam.gserviceaccount.com"]},{"role":"roles/firestore.serviceAgent","members":["serviceAccount:service-481086292999@gcp-sa-firestore.iam.gserviceaccount.com"]},{"role":"roles/iam.serviceAccountTokenCreator","members":["serviceAccount:firebase-adminsdk-oi61i@todo-app-27680.iam.gserviceaccount.com"]},{"role":"roles/owner","members":["user:regmi.nikes1@gmail.com"]},{"role":"roles/pubsub.serviceAgent","members":["serviceAccount:service-481086292999@gcp-sa-pubsub.iam.gserviceaccount.com"]},{"role":"roles/firebaseauth.admin","members":["serviceAccount:github-action-390700733@todo-app-27680.iam.gserviceaccount.com"]},{"role":"roles/serviceusage.apiKeysViewer","members":["serviceAccount:github-action-390700733@todo-app-27680.iam.gserviceaccount.com"]},{"role":"roles/firebasehosting.admin","members":["serviceAccount:github-action-390700733@todo-app-27680.iam.gserviceaccount.com"]},{"role":"roles/run.viewer","members":["serviceAccount:github-action-390700733@todo-app-27680.iam.gserviceaccount.com"]}]},"updateMask":"bindings"}
[debug] [2021-07-29T11:26:52.887Z] <<< HTTP RESPONSE 200 {"content-type":"application/json; charset=UTF-8","vary":"X-Origin, Referer, Origin,Accept-Encoding","date":"Thu, 29 Jul 2021 11:26:52 GMT","server":"ESF","cache-control":"private","x-xss-protection":"0","x-frame-options":"SAMEORIGIN","x-content-type-options":"nosniff","server-timing":"gfet4t7; dur=2391","alt-svc":"h3=\":443\"; ma=2592000,h3-29=\":443\"; ma=2592000,h3-T051=\":443\"; ma=2592000,h3-Q050=\":443\"; ma=2592000,h3-Q046=\":443\"; ma=2592000,h3-Q043=\":443\"; ma=2592000,quic=\":443\"; ma=2592000; v=\"46,43\"","accept-ranges":"none","transfer-encoding":"chunked"}
[debug] [2021-07-29T11:26:52.888Z] >>> HTTP REQUEST POST https://iam.googleapis.com/v1/projects/todo-app-27680/serviceAccounts/github-action-390700733@todo-app-27680.iam.gserviceaccount.com/keys  
 {"keyAlgorithm":"KEY_ALG_UNSPECIFIED","privateKeyType":"TYPE_GOOGLE_CREDENTIALS_FILE"}
